<?xml version="1.0" encoding="UTF-8"?>
<!-- Generated by org.testng.reporters.JUnitReportReporter -->
<testsuite skipped="0" hostname="DESKTOP-8PGP3C7" name="mvnplugin.NewTest" tests="1" failures="0" timestamp="2024-04-20T16:19:20 IST" time="16.663" errors="0">
  <testcase name="f" time="16.663" classname="mvnplugin.NewTest"/>
  <system-out/>
</testsuite> <!-- mvnplugin.NewTest -->
