<?xml version="1.0" encoding="UTF-8"?>
<!-- Generated by org.testng.reporters.JUnitReportReporter -->
<testsuite hostname="DESKTOP-KE0TQTK" failures="0" tests="1" name="mvnplugin.NewTest" time="41.732" errors="0" timestamp="2024-04-21T14:40:04 IST" skipped="0">
  <testcase classname="mvnplugin.NewTest" name="f" time="41.732"/>
  <system-out/>
</testsuite> <!-- mvnplugin.NewTest -->
