<?xml version="1.0" encoding="UTF-8"?>
<!-- Generated by org.testng.reporters.JUnitReportReporter -->
<testsuite skipped="0" hostname="DESKTOP-8PGP3C7" name="mvnplugin.NewTest" tests="1" failures="0" timestamp="20 Apr 2024 12:21:01 GMT" time="6.339" errors="0">
  <testcase name="f" time="6.339" classname="mvnplugin.NewTest"/>
</testsuite> <!-- mvnplugin.NewTest -->
