<?xml version="1.0" encoding="UTF-8"?>
<!-- Generated by org.testng.reporters.JUnitReportReporter -->
<testsuite hostname="DESKTOP-KE0TQTK" failures="0" tests="1" name="mvnplugin.NewTest" time="33.377" errors="0" timestamp="21 Apr 2024 09:12:31 GMT" skipped="0">
  <testcase classname="mvnplugin.NewTest" name="f" time="33.377"/>
</testsuite> <!-- mvnplugin.NewTest -->
